[debug] [2023-03-23T22:40:22.991Z] ----------------------------------------------------------------------
[debug] [2023-03-23T22:40:23.002Z] Command:       C:\Program Files\nodejs\node.exe C:\Users\BOLUPE TAIWO\AppData\Roaming\npm\node_modules\firebase-tools\lib\bin\firebase.js init
[debug] [2023-03-23T22:40:23.006Z] CLI Version:   11.25.1
[debug] [2023-03-23T22:40:23.007Z] Platform:      win32
[debug] [2023-03-23T22:40:23.007Z] Node Version:  v18.15.0
[debug] [2023-03-23T22:40:23.011Z] Time:          Thu Mar 23 2023 15:40:23 GMT-0700 (Pacific Daylight Time)
[debug] [2023-03-23T22:40:23.012Z] ----------------------------------------------------------------------
[debug] 
[debug] [2023-03-23T22:40:23.060Z] > command requires scopes: ["email","openid","https://www.googleapis.com/auth/cloudplatformprojects.readonly","https://www.googleapis.com/auth/firebase","https://www.googleapis.com/auth/cloud-platform"]
[debug] [2023-03-23T22:40:23.066Z] > authorizing via signed-in user (bolupetaiwo15@gmail.com)
[info] 
     ######## #### ########  ######## ########     ###     ######  ########
     ##        ##  ##     ## ##       ##     ##  ##   ##  ##       ##
     ######    ##  ########  ######   ########  #########  ######  ######
     ##        ##  ##    ##  ##       ##     ## ##     ##       ## ##
     ##       #### ##     ## ######## ########  ##     ##  ######  ########

You're about to initialize a Firebase project in this directory:

  C:\Users\BOLUPE TAIWO\Desktop\social-app

[info] 
=== Project Setup
[info] 
[info] First, let's associate this project directory with a Firebase project.
[info] You can create multiple project aliases by running firebase use --add, 
[info] but for now we'll just set up a default project.
[info] 
[debug] [2023-03-23T22:40:43.750Z] > refreshing access token with scopes: []
[debug] [2023-03-23T22:40:43.771Z] >>> [apiv2][query] POST https://www.googleapis.com/oauth2/v3/token [none]
[debug] [2023-03-23T22:40:43.772Z] >>> [apiv2][body] POST https://www.googleapis.com/oauth2/v3/token [omitted]
[debug] [2023-03-23T22:40:45.925Z] <<< [apiv2][status] POST https://www.googleapis.com/oauth2/v3/token 200
[debug] [2023-03-23T22:40:45.926Z] <<< [apiv2][body] POST https://www.googleapis.com/oauth2/v3/token [omitted]
[debug] [2023-03-23T22:40:45.967Z] >>> [apiv2][query] GET https://firebase.googleapis.com/v1beta1/projects pageSize=100
[debug] [2023-03-23T22:40:46.815Z] <<< [apiv2][status] GET https://firebase.googleapis.com/v1beta1/projects 200
[debug] [2023-03-23T22:40:46.816Z] <<< [apiv2][body] GET https://firebase.googleapis.com/v1beta1/projects [omitted]
[info] i  Using project totally-not-anonymous (totally not anonymous) 
[info] 
=== Hosting Setup
[info] 
[info] Your public directory is the folder (relative to your project directory) that
[info] will contain Hosting assets to be uploaded with firebase deploy. If you
[info] have a build process for your assets, use your build's output directory.
[info] 
[debug] [2023-03-23T22:42:36.506Z] >>> [apiv2][query] GET https://www.gstatic.com/firebasejs/releases.json [none]
[debug] [2023-03-23T22:42:37.121Z] <<< [apiv2][status] GET https://www.gstatic.com/firebasejs/releases.json 200
[debug] [2023-03-23T22:42:37.122Z] <<< [apiv2][body] GET https://www.gstatic.com/firebasejs/releases.json {"current":{"version":"9.18.0","browserURL":"https://www.gstatic.com/firebasejs/9.18.0/firebase.js","packageURL":"https://www.gstatic.com/firebasejs/9.18.0/firebase.tgz"},"live":{"version":"9.18","browserURL":"https://www.gstatic.com/firebasejs/live/9.18/firebase.js","packageURL":"https://www.gstatic.com/firebasejs/live/9.18/firebase.tgz"},"components":{"analytics":"https://www.gstatic.com/firebasejs/9.18.0/firebase-analytics.js","app":"https://www.gstatic.com/firebasejs/9.18.0/firebase-app.js","app-check":"https://www.gstatic.com/firebasejs/9.18.0/firebase-app-check.js","auth":"https://www.gstatic.com/firebasejs/9.18.0/firebase-auth.js","auth/cordova":"https://www.gstatic.com/firebasejs/9.18.0/firebase-auth/cordova.js","auth/react-native":"https://www.gstatic.com/firebasejs/9.18.0/firebase-auth/react-native.js","functions":"https://www.gstatic.com/firebasejs/9.18.0/firebase-functions.js","firestore":"https://www.gstatic.com/firebasejs/9.18.0/firebase-firestore.js","firestore/lite":"https://www.gstatic.com/firebasejs/9.18.0/firebase-firestore/lite.js","installations":"https://www.gstatic.com/firebasejs/9.18.0/firebase-installations.js","storage":"https://www.gstatic.com/firebasejs/9.18.0/firebase-storage.js","performance":"https://www.gstatic.com/firebasejs/9.18.0/firebase-performance.js","remote-config":"https://www.gstatic.com/firebasejs/9.18.0/firebase-remote-config.js","messaging":"https://www.gstatic.com/firebasejs/9.18.0/firebase-messaging.js","messaging/sw":"https://www.gstatic.com/firebasejs/9.18.0/firebase-messaging/sw.js","database":"https://www.gstatic.com/firebasejs/9.18.0/firebase-database.js","firestore.memory":"https://www.gstatic.com/firebasejs/9.18.0/firebase-firestore.memory.js"}}
[info] i  Skipping write of build/index.html 
[info] 
[info] i  Detected a .git folder at C:\Users\BOLUPE TAIWO\Desktop\social-app 
[info] i  Authorizing with GitHub to upload your service account to a GitHub repository's secrets store. 
[info] 
[info] Visit this URL on this device to log in:
[info] https://github.com/login/oauth/authorize?client_id=89cf50f02ac6aaed3484&state=492657670&redirect_uri=http%3A%2F%2Flocalhost%3A9005&scope=read%3Auser%20repo%20public_repo
[info] 
[info] Waiting for authentication...
[debug] [2023-03-23T22:42:47.565Z] >>> [apiv2][query] POST https://github.com/login/oauth/access_token [none]
[debug] [2023-03-23T22:42:47.566Z] >>> [apiv2][body] POST https://github.com/login/oauth/access_token [stream]
[debug] [2023-03-23T22:42:48.338Z] <<< [apiv2][status] POST https://github.com/login/oauth/access_token 200
[debug] [2023-03-23T22:42:48.339Z] <<< [apiv2][body] POST https://github.com/login/oauth/access_token {"access_token":"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","token_type":"bearer","scope":"read:user,repo"}
[debug] [2023-03-23T22:42:48.374Z] >>> [apiv2][query] GET https://api.github.com/user [none]
[debug] [2023-03-23T22:42:49.207Z] <<< [apiv2][status] GET https://api.github.com/user 200
[debug] [2023-03-23T22:42:49.208Z] <<< [apiv2][body] GET https://api.github.com/user {"login":"Bolupe","id":105107337,"node_id":"U_kgDOBkPPiQ","avatar_url":"https://avatars.githubusercontent.com/u/105107337?v=4","gravatar_id":"","url":"https://api.github.com/users/Bolupe","html_url":"https://github.com/Bolupe","followers_url":"https://api.github.com/users/Bolupe/followers","following_url":"https://api.github.com/users/Bolupe/following{/other_user}","gists_url":"https://api.github.com/users/Bolupe/gists{/gist_id}","starred_url":"https://api.github.com/users/Bolupe/starred{/owner}{/repo}","subscriptions_url":"https://api.github.com/users/Bolupe/subscriptions","organizations_url":"https://api.github.com/users/Bolupe/orgs","repos_url":"https://api.github.com/users/Bolupe/repos","events_url":"https://api.github.com/users/Bolupe/events{/privacy}","received_events_url":"https://api.github.com/users/Bolupe/received_events","type":"User","site_admin":false,"name":"Bolupe Taiwo","company":null,"blog":"","location":"Lagos, Nigeria.","email":null,"hireable":null,"bio":"Beginner Front-end Developer","twitter_username":"bolupeee","public_repos":16,"public_gists":0,"followers":10,"following":17,"created_at":"2022-05-07T10:17:16Z","updated_at":"2023-03-16T14:49:03Z","private_gists":0,"total_private_repos":8,"owned_private_repos":8,"disk_usage":13960,"collaborators":0,"two_factor_authentication":false,"plan":{"name":"pro","space":976562499,"collaborators":0,"private_repos":9999}}
[info] 
[info] +  Success! Logged into GitHub as Bolupe 
[info] 
[debug] [2023-03-23T22:46:32.777Z] >>> [apiv2][query] GET https://api.github.com/repos/Bolupe/social-app/actions/secrets/public-key type=owner
[debug] [2023-03-23T22:46:33.596Z] <<< [apiv2][status] GET https://api.github.com/repos/Bolupe/social-app/actions/secrets/public-key 401
[debug] [2023-03-23T22:46:33.597Z] <<< [apiv2][body] GET https://api.github.com/repos/Bolupe/social-app/actions/secrets/public-key {"message":"Bad credentials","documentation_url":"https://docs.github.com/rest"}
[debug] [2023-03-23T22:48:41.669Z] >>> [apiv2][query] GET https://api.github.com/repos/Bolupe/social-app/actions/secrets/public-key type=owner
[debug] [2023-03-23T22:48:42.338Z] <<< [apiv2][status] GET https://api.github.com/repos/Bolupe/social-app/actions/secrets/public-key 401
[debug] [2023-03-23T22:48:42.339Z] <<< [apiv2][body] GET https://api.github.com/repos/Bolupe/social-app/actions/secrets/public-key {"message":"Bad credentials","documentation_url":"https://docs.github.com/rest"}
[debug] [2023-03-23T22:51:18.561Z] >>> [apiv2][query] GET https://api.github.com/repos/Bolupe/social-app /actions/secrets/public-key type=owner
[debug] [2023-03-23T22:51:19.416Z] <<< [apiv2][status] GET https://api.github.com/repos/Bolupe/social-app /actions/secrets/public-key 401
[debug] [2023-03-23T22:51:19.416Z] <<< [apiv2][body] GET https://api.github.com/repos/Bolupe/social-app /actions/secrets/public-key {"message":"Bad credentials","documentation_url":"https://docs.github.com/rest"}
[debug] [2023-03-23T22:51:34.761Z] >>> [apiv2][query] GET https://api.github.com/repos/Bolupe/social-app /actions/secrets/public-key type=owner
[debug] [2023-03-23T22:51:35.735Z] <<< [apiv2][status] GET https://api.github.com/repos/Bolupe/social-app /actions/secrets/public-key 401
[debug] [2023-03-23T22:51:35.736Z] <<< [apiv2][body] GET https://api.github.com/repos/Bolupe/social-app /actions/secrets/public-key {"message":"Bad credentials","documentation_url":"https://docs.github.com/rest"}
[debug] [2023-03-23T22:51:50.214Z] >>> [apiv2][query] GET https://api.github.com/repos/Bolupe/social-app/actions/secrets/public-key type=owner
[debug] [2023-03-23T22:51:50.878Z] <<< [apiv2][status] GET https://api.github.com/repos/Bolupe/social-app/actions/secrets/public-key 401
[debug] [2023-03-23T22:51:50.879Z] <<< [apiv2][body] GET https://api.github.com/repos/Bolupe/social-app/actions/secrets/public-key {"message":"Bad credentials","documentation_url":"https://docs.github.com/rest"}
